
timestamp: 2010-10-26T00:55:21.088575
ALTER TABLE articulos ADD id_usuario__tmp INT, ADD INDEX id_usuario__idx (id_usuario), ADD FOREIGN KEY (id_usuario) REFERENCES auth_user(id) ON DELETE CASCADE;
timestamp: 2010-10-26T00:58:34.180909
ALTER TABLE articulos ADD id_usuario__tmp INT, ADD INDEX id_usuario__idx (id_usuario), ADD FOREIGN KEY (id_usuario) REFERENCES auth_user(id) ON DELETE CASCADE;
timestamp: 2010-10-26T01:03:55.282019
CREATE TABLE auth_user(
    id INT AUTO_INCREMENT NOT NULL,
    first_name VARCHAR(128),
    last_name VARCHAR(128),
    email VARCHAR(512),
    password VARCHAR(512),
    registration_key VARCHAR(512),
    reset_password_key VARCHAR(512),
    PRIMARY KEY(id)
) ENGINE=InnoDB CHARACTER SET utf8;
success!
timestamp: 2010-10-26T01:03:55.488377
CREATE TABLE auth_group(
    id INT AUTO_INCREMENT NOT NULL,
    role VARCHAR(512),
    description LONGTEXT,
    PRIMARY KEY(id)
) ENGINE=InnoDB CHARACTER SET utf8;
success!
timestamp: 2010-10-26T01:03:55.509168
CREATE TABLE auth_membership(
    id INT AUTO_INCREMENT NOT NULL,
    user_id INT, INDEX user_id__idx (user_id), FOREIGN KEY (user_id) REFERENCES auth_user(id) ON DELETE CASCADE,
    group_id INT, INDEX group_id__idx (group_id), FOREIGN KEY (group_id) REFERENCES auth_group(id) ON DELETE CASCADE,
    PRIMARY KEY(id)
) ENGINE=InnoDB CHARACTER SET utf8;
success!
timestamp: 2010-10-26T01:03:55.579090
CREATE TABLE auth_permission(
    id INT AUTO_INCREMENT NOT NULL,
    group_id INT, INDEX group_id__idx (group_id), FOREIGN KEY (group_id) REFERENCES auth_group(id) ON DELETE CASCADE,
    name VARCHAR(512),
    table_name VARCHAR(512),
    record_id INT,
    PRIMARY KEY(id)
) ENGINE=InnoDB CHARACTER SET utf8;
success!
timestamp: 2010-10-26T01:03:55.668891
CREATE TABLE auth_event(
    id INT AUTO_INCREMENT NOT NULL,
    time_stamp DATETIME,
    client_ip VARCHAR(512),
    user_id INT, INDEX user_id__idx (user_id), FOREIGN KEY (user_id) REFERENCES auth_user(id) ON DELETE CASCADE,
    origin VARCHAR(512),
    description LONGTEXT,
    PRIMARY KEY(id)
) ENGINE=InnoDB CHARACTER SET utf8;
success!
timestamp: 2010-10-26T01:03:55.688727
CREATE TABLE articulos(
    id INT AUTO_INCREMENT NOT NULL,
    titulo VARCHAR(512),
    articulo LONGTEXT,
    fecha DATETIME,
    id_usuario INT, INDEX id_usuario__idx (id_usuario), FOREIGN KEY (id_usuario) REFERENCES auth_user(id) ON DELETE CASCADE,
    image VARCHAR(512),
    PRIMARY KEY(id)
) ENGINE=InnoDB CHARACTER SET utf8;
success!
timestamp: 2010-10-26T01:03:55.698019
CREATE TABLE comentarios(
    id INT AUTO_INCREMENT NOT NULL,
    id_articulo INT, INDEX id_articulo__idx (id_articulo), FOREIGN KEY (id_articulo) REFERENCES articulos(id) ON DELETE CASCADE,
    titulo VARCHAR(512),
    comentario LONGTEXT,
    nombre VARCHAR(512),
    correo VARCHAR(512),
    url VARCHAR(512),
    fecha DATETIME,
    visible CHAR(1),
    PRIMARY KEY(id)
) ENGINE=InnoDB CHARACTER SET utf8;
success!
timestamp: 2010-10-26T01:03:55.712497
CREATE TABLE etiquetas(
    id INT AUTO_INCREMENT NOT NULL,
    nombre VARCHAR(512),
    PRIMARY KEY(id)
) ENGINE=InnoDB CHARACTER SET utf8;
success!
timestamp: 2010-10-26T01:03:55.719346
CREATE TABLE etiquetas_articulos(
    id INT AUTO_INCREMENT NOT NULL,
    id_etiqueta INT, INDEX id_etiqueta__idx (id_etiqueta), FOREIGN KEY (id_etiqueta) REFERENCES etiquetas(id) ON DELETE CASCADE,
    id_articulo INT, INDEX id_articulo__idx (id_articulo), FOREIGN KEY (id_articulo) REFERENCES articulos(id) ON DELETE CASCADE,
    PRIMARY KEY(id)
) ENGINE=InnoDB CHARACTER SET utf8;
success!
timestamp: 2010-10-26T02:05:04.183043
ALTER TABLE articulos ADD id_usuario__tmp INT, ADD INDEX id_usuario__idx (id_usuario), ADD FOREIGN KEY (id_usuario) REFERENCES auth_user(id) ON DELETE CASCADE;
timestamp: 2010-11-16T15:56:01.803973
CREATE TABLE cuentas_twitter(
    id INTEGER PRIMARY KEY AUTOINCREMENT,
    nickname CHAR(512),
    consumer_key CHAR(512),
    consumer_secret CHAR(512),
    key CHAR(512),
    secret CHAR(512)
);
success!
timestamp: 2010-11-16T17:44:22.032893
CREATE TABLE tweets(
    id INTEGER PRIMARY KEY AUTOINCREMENT,
    nickname CHAR(512),
    status CHAR(512),
    updatedate TIMESTAMP,
    updatedateregister TIMESTAMP
);
success!
timestamp: 2010-11-17T00:13:31.564547
ALTER TABLE cuentas_twitter ADD auth_user_id INTEGER REFERENCES auth_user(id) ON DELETE CASCADE;
timestamp: 2010-11-17T00:25:34.553245
ALTER TABLE tweets ADD id_cuentas_twitter INTEGER REFERENCES cuentas_twitter(id) ON DELETE CASCADE;
timestamp: 2010-11-17T01:28:37.666867
CREATE TABLE tokens_twitter(
    id INTEGER PRIMARY KEY AUTOINCREMENT,
    id_cuentas_twitter INTEGER REFERENCES cuentas_twitter(id) ON DELETE CASCADE,
    token_key CHAR(512),
    token_secret CHAR(512),
    creationdate TIMESTAMP
);
success!
